# JRE version: Java(TM) SE Runtime Environment (7.0_45-b18) (build 1.7.0_45-b18)
# Java VM: Java HotSpot(TM) 64-Bit Server VM (24.45-b08 mixed mode bsd-amd64 compressed oops)
Heap
 PSYoungGen      total 32768K, used 25603K [0x00000007d5500000, 0x00000007d7e80000, 0x0000000800000000)
  eden space 32256K, 78% used [0x00000007d5500000,0x00000007d6da15b8,0x00000007d7480000)
  from space 512K, 74% used [0x00000007d7500000,0x00000007d755f8a8,0x00000007d7580000)
  to   space 5120K, 0% used [0x00000007d7980000,0x00000007d7980000,0x00000007d7e80000)
 ParOldGen       total 87040K, used 1229K [0x0000000780000000, 0x0000000785500000, 0x00000007d5500000)
  object space 87040K, 1% used [0x0000000780000000,0x0000000780133718,0x0000000785500000)
 PSPermGen       total 21504K, used 10068K [0x000000077ae00000, 0x000000077c300000, 0x0000000780000000)
  object space 21504K, 46% used [0x000000077ae00000,0x000000077b7d52e8,0x000000077c300000)
GC Heap History (10 events):
Event: 3685.465 GC heap before
{Heap before GC invocations=3 (full 0):
 PSYoungGen      total 38912K, used 35050K [0x00000007d5500000, 0x00000007d8000000, 0x0000000800000000)
  eden space 33792K, 99% used [0x00000007d5500000,0x00000007d75afac0,0x00000007d7600000)
  from space 5120K, 30% used [0x00000007d7b00000,0x00000007d7c8b138,0x00000007d8000000)
  to   space 5120K, 0% used [0x00000007d7600000,0x00000007d7600000,0x00000007d7b00000)
 ParOldGen       total 87040K, used 16K [0x0000000780000000, 0x0000000785500000, 0x00000007d5500000)
  object space 87040K, 0% used [0x0000000780000000,0x0000000780004000,0x0000000785500000)
 PSPermGen       total 21504K, used 10052K [0x000000077ae00000, 0x000000077c300000, 0x0000000780000000)
  object space 21504K, 46% used [0x000000077ae00000,0x000000077b7d1340,0x000000077c300000)
Event: 3685.473 GC heap after
Heap after GC invocations=3 (full 0):
 PSYoungGen      total 38912K, used 1548K [0x00000007d5500000, 0x00000007d8000000, 0x0000000800000000)
  eden space 33792K, 0% used [0x00000007d5500000,0x00000007d5500000,0x00000007d7600000)
  from space 5120K, 30% used [0x00000007d7600000,0x00000007d7783138,0x00000007d7b00000)
  to   space 5120K, 0% used [0x00000007d7b00000,0x00000007d7b00000,0x00000007d8000000)
 ParOldGen       total 87040K, used 24K [0x0000000780000000, 0x0000000785500000, 0x00000007d5500000)
  object space 87040K, 0% used [0x0000000780000000,0x0000000780006000,0x0000000785500000)
 PSPermGen       total 21504K, used 10052K [0x000000077ae00000, 0x000000077c300000, 0x0000000780000000)
  object space 21504K, 46% used [0x000000077ae00000,0x000000077b7d1340,0x000000077c300000)
}
Event: 3756.189 GC heap before
{Heap before GC invocations=4 (full 0):
 PSYoungGen      total 38912K, used 35248K [0x00000007d5500000, 0x00000007d8000000, 0x0000000800000000)
  eden space 33792K, 99% used [0x00000007d5500000,0x00000007d75e8fb0,0x00000007d7600000)
  from space 5120K, 30% used [0x00000007d7600000,0x00000007d7783138,0x00000007d7b00000)
  to   space 5120K, 0% used [0x00000007d7b00000,0x00000007d7b00000,0x00000007d8000000)
 ParOldGen       total 87040K, used 24K [0x0000000780000000, 0x0000000785500000, 0x00000007d5500000)
  object space 87040K, 0% used [0x0000000780000000,0x0000000780006000,0x0000000785500000)
 PSPermGen       total 21504K, used 10056K [0x000000077ae00000, 0x000000077c300000, 0x0000000780000000)
  object space 21504K, 46% used [0x000000077ae00000,0x000000077b7d2210,0x000000077c300000)
Event: 3756.199 GC heap after
Heap after GC invocations=4 (full 0):
 PSYoungGen      total 38912K, used 1452K [0x00000007d5500000, 0x00000007d8000000, 0x0000000800000000)
  eden space 33792K, 0% used [0x00000007d5500000,0x00000007d5500000,0x00000007d7600000)
  from space 5120K, 28% used [0x00000007d7b00000,0x00000007d7c6b158,0x00000007d8000000)
  to   space 5120K, 0% used [0x00000007d7600000,0x00000007d7600000,0x00000007d7b00000)
 ParOldGen       total 87040K, used 32K [0x0000000780000000, 0x0000000785500000, 0x00000007d5500000)
  object space 87040K, 0% used [0x0000000780000000,0x0000000780008000,0x0000000785500000)
 PSPermGen       total 21504K, used 10056K [0x000000077ae00000, 0x000000077c300000, 0x0000000780000000)
  object space 21504K, 46% used [0x000000077ae00000,0x000000077b7d2210,0x000000077c300000)
}
Event: 7439.716 GC heap before
{Heap before GC invocations=5 (full 0):
 PSYoungGen      total 38912K, used 34906K [0x00000007d5500000, 0x00000007d8000000, 0x0000000800000000)
  eden space 33792K, 99% used [0x00000007d5500000,0x00000007d75ab9a8,0x00000007d7600000)
  from space 5120K, 28% used [0x00000007d7b00000,0x00000007d7c6b158,0x00000007d8000000)
  to   space 5120K, 0% used [0x00000007d7600000,0x00000007d7600000,0x00000007d7b00000)
 ParOldGen       total 87040K, used 32K [0x0000000780000000, 0x0000000785500000, 0x00000007d5500000)
  object space 87040K, 0% used [0x0000000780000000,0x0000000780008000,0x0000000785500000)
 PSPermGen       total 21504K, used 10056K [0x000000077ae00000, 0x000000077c300000, 0x0000000780000000)
  object space 21504K, 46% used [0x000000077ae00000,0x000000077b7d2230,0x000000077c300000)
Event: 7439.727 GC heap after
Heap after GC invocations=5 (full 0):
 PSYoungGen      total 34816K, used 1468K [0x00000007d5500000, 0x00000007d7f80000, 0x0000000800000000)
  eden space 33280K, 0% used [0x00000007d5500000,0x00000007d5500000,0x00000007d7580000)
  from space 1536K, 95% used [0x00000007d7600000,0x00000007d776f148,0x00000007d7780000)
  to   space 5120K, 0% used [0x00000007d7a80000,0x00000007d7a80000,0x00000007d7f80000)
 ParOldGen       total 87040K, used 40K [0x0000000780000000, 0x0000000785500000, 0x00000007d5500000)
  object space 87040K, 0% used [0x0000000780000000,0x000000078000a000,0x0000000785500000)
 PSPermGen       total 21504K, used 10056K [0x000000077ae00000, 0x000000077c300000, 0x0000000780000000)
  object space 21504K, 46% used [0x000000077ae00000,0x000000077b7d2230,0x000000077c300000)
}
Event: 7509.664 GC heap before
{Heap before GC invocations=6 (full 0):
 PSYoungGen      total 34816K, used 34748K [0x00000007d5500000, 0x00000007d7f80000, 0x0000000800000000)
  eden space 33280K, 100% used [0x00000007d5500000,0x00000007d7580000,0x00000007d7580000)
  from space 1536K, 95% used [0x00000007d7600000,0x00000007d776f148,0x00000007d7780000)
  to   space 5120K, 0% used [0x00000007d7a80000,0x00000007d7a80000,0x00000007d7f80000)
 ParOldGen       total 87040K, used 40K [0x0000000780000000, 0x0000000785500000, 0x00000007d5500000)
  object space 87040K, 0% used [0x0000000780000000,0x000000078000a000,0x0000000785500000)
 PSPermGen       total 21504K, used 10056K [0x000000077ae00000, 0x000000077c300000, 0x0000000780000000)
  object space 21504K, 46% used [0x000000077ae00000,0x000000077b7d2230,0x000000077c300000)
Event: 7509.667 GC heap after
Heap after GC invocations=6 (full 0):
 PSYoungGen      total 37376K, used 1310K [0x00000007d5500000, 0x00000007d7f00000, 0x0000000800000000)
  eden space 32768K, 0% used [0x00000007d5500000,0x00000007d5500000,0x00000007d7500000)
  from space 4608K, 28% used [0x00000007d7a80000,0x00000007d7bc78a0,0x00000007d7f00000)
  to   space 5120K, 0% used [0x00000007d7500000,0x00000007d7500000,0x00000007d7a00000)
 ParOldGen       total 87040K, used 40K [0x0000000780000000, 0x0000000785500000, 0x00000007d5500000)
  object space 87040K, 0% used [0x0000000780000000,0x000000078000a000,0x0000000785500000)
 PSPermGen       total 21504K, used 10056K [0x000000077ae00000, 0x000000077c300000, 0x0000000780000000)
  object space 21504K, 46% used [0x000000077ae00000,0x000000077b7d2230,0x000000077c300000)
}
Event: 7852.183 GC heap before
{Heap before GC invocations=7 (full 0):
 PSYoungGen      total 37376K, used 34046K [0x00000007d5500000, 0x00000007d7f00000, 0x0000000800000000)
  eden space 32768K, 99% used [0x00000007d5500000,0x00000007d74f8020,0x00000007d7500000)
  from space 4608K, 28% used [0x00000007d7a80000,0x00000007d7bc78a0,0x00000007d7f00000)
  to   space 5120K, 0% used [0x00000007d7500000,0x00000007d7500000,0x00000007d7a00000)
 ParOldGen       total 87040K, used 40K [0x0000000780000000, 0x0000000785500000, 0x00000007d5500000)
  object space 87040K, 0% used [0x0000000780000000,0x000000078000a000,0x0000000785500000)
 PSPermGen       total 21504K, used 10057K [0x000000077ae00000, 0x000000077c300000, 0x0000000780000000)
  object space 21504K, 46% used [0x000000077ae00000,0x000000077b7d2698,0x000000077c300000)
Event: 7852.186 GC heap after
Heap after GC invocations=7 (full 0):
 PSYoungGen      total 32768K, used 382K [0x00000007d5500000, 0x00000007d7e80000, 0x0000000800000000)
  eden space 32256K, 0% used [0x00000007d5500000,0x00000007d5500000,0x00000007d7480000)
  from space 512K, 74% used [0x00000007d7500000,0x00000007d755f8a8,0x00000007d7580000)
  to   space 5120K, 0% used [0x00000007d7980000,0x00000007d7980000,0x00000007d7e80000)
 ParOldGen       total 87040K, used 1229K [0x0000000780000000, 0x0000000785500000, 0x00000007d5500000)
  object space 87040K, 1% used [0x0000000780000000,0x0000000780133718,0x0000000785500000)
 PSPermGen       total 21504K, used 10057K [0x000000077ae00000, 0x000000077c300000, 0x0000000780000000)
  object space 21504K, 46% used [0x000000077ae00000,0x000000077b7d2698,0x000000077c300000)
}

